<?xml version="1.0" encoding="UTF-8"?>
<!-- Generated by org.testng.reporters.JUnitReportReporter -->
<testsuite skipped="0" hostname="ADMIN-PC" name="qa.impListeners.testcases.TC001_CreateLead" tests="1" failures="0" timestamp="23 Apr 2020 07:11:37 GMT" time="42.750" errors="0">
  <testcase name="createNewLead" time="42.750" classname="qa.impListeners.testcases.TC001_CreateLead"/>
</testsuite> <!-- qa.impListeners.testcases.TC001_CreateLead -->
