<?xml version="1.0" encoding="UTF-8"?>
<!-- Generated by org.testng.reporters.JUnitReportReporter -->
<testsuite skipped="0" hostname="ADMIN-PC" name="qa.impListeners.testcases.TC003_EditLead" tests="1" failures="0" timestamp="23 Apr 2020 07:11:37 GMT" time="45.053" errors="0">
  <testcase name="editLead" time="45.053" classname="qa.impListeners.testcases.TC003_EditLead"/>
</testsuite> <!-- qa.impListeners.testcases.TC003_EditLead -->
